# JRE version: OpenJDK Runtime Environment 18.9 (11.0.11+9) (build 11.0.11+9)
# Java VM: OpenJDK 64-Bit Server VM 18.9 (11.0.11+9, mixed mode, tiered, compressed oops, g1 gc, linux-amd64)
Heap:
 garbage-first heap   total 186368K, used 151684K [0x00000000c0000000, 0x0000000100000000)
  region size 1024K, 35 young (35840K), 1 survivors (1024K)
 Metaspace       used 147114K, capacity 159522K, committed 159796K, reserved 1187840K
  class space    used 16877K, capacity 21342K, committed 21452K, reserved 1048576K
GC Heap History (20 events):
Event: 492.558 GC heap before
{Heap before GC invocations=168 (full 0):
 garbage-first heap   total 186368K, used 126078K [0x00000000c0000000, 0x0000000100000000)
  region size 1024K, 9 young (9216K), 1 survivors (1024K)
 Metaspace       used 146939K, capacity 159374K, committed 159796K, reserved 1187840K
  class space    used 16870K, capacity 21339K, committed 21452K, reserved 1048576K
}
Event: 492.559 GC heap after
{Heap after GC invocations=169 (full 0):
 garbage-first heap   total 186368K, used 117682K [0x00000000c0000000, 0x0000000100000000)
  region size 1024K, 1 young (1024K), 1 survivors (1024K)
 Metaspace       used 146939K, capacity 159374K, committed 159796K, reserved 1187840K
  class space    used 16870K, capacity 21339K, committed 21452K, reserved 1048576K
}
Event: 495.302 GC heap before
{Heap before GC invocations=169 (full 0):
 garbage-first heap   total 186368K, used 160690K [0x00000000c0000000, 0x0000000100000000)
  region size 1024K, 43 young (44032K), 1 survivors (1024K)
 Metaspace       used 146940K, capacity 159374K, committed 159796K, reserved 1187840K
  class space    used 16870K, capacity 21339K, committed 21452K, reserved 1048576K
}
Event: 495.305 GC heap after
{Heap after GC invocations=170 (full 0):
 garbage-first heap   total 186368K, used 117689K [0x00000000c0000000, 0x0000000100000000)
  region size 1024K, 1 young (1024K), 1 survivors (1024K)
 Metaspace       used 146940K, capacity 159374K, committed 159796K, reserved 1187840K
  class space    used 16870K, capacity 21339K, committed 21452K, reserved 1048576K
}
Event: 501.671 GC heap before
{Heap before GC invocations=171 (full 0):
 garbage-first heap   total 186368K, used 161721K [0x00000000c0000000, 0x0000000100000000)
  region size 1024K, 44 young (45056K), 1 survivors (1024K)
 Metaspace       used 146950K, capacity 159374K, committed 159796K, reserved 1187840K
  class space    used 16870K, capacity 21339K, committed 21452K, reserved 1048576K
}
Event: 501.674 GC heap after
{Heap after GC invocations=172 (full 0):
 garbage-first heap   total 186368K, used 117735K [0x00000000c0000000, 0x0000000100000000)
  region size 1024K, 1 young (1024K), 1 survivors (1024K)
 Metaspace       used 146950K, capacity 159374K, committed 159796K, reserved 1187840K
  class space    used 16870K, capacity 21339K, committed 21452K, reserved 1048576K
}
Event: 505.124 GC heap before
{Heap before GC invocations=172 (full 0):
 garbage-first heap   total 186368K, used 161767K [0x00000000c0000000, 0x0000000100000000)
  region size 1024K, 44 young (45056K), 1 survivors (1024K)
 Metaspace       used 146974K, capacity 159381K, committed 159796K, reserved 1187840K
  class space    used 16870K, capacity 21340K, committed 21452K, reserved 1048576K
}
Event: 505.127 GC heap after
{Heap after GC invocations=173 (full 0):
 garbage-first heap   total 186368K, used 117832K [0x00000000c0000000, 0x0000000100000000)
  region size 1024K, 1 young (1024K), 1 survivors (1024K)
 Metaspace       used 146974K, capacity 159381K, committed 159796K, reserved 1187840K
  class space    used 16870K, capacity 21340K, committed 21452K, reserved 1048576K
}
Event: 507.161 GC heap before
{Heap before GC invocations=174 (full 0):
 garbage-first heap   total 186368K, used 161864K [0x00000000c0000000, 0x0000000100000000)
  region size 1024K, 44 young (45056K), 1 survivors (1024K)
 Metaspace       used 147002K, capacity 159384K, committed 159796K, reserved 1187840K
  class space    used 16870K, capacity 21340K, committed 21452K, reserved 1048576K
}
Event: 507.165 GC heap after
{Heap after GC invocations=175 (full 0):
 garbage-first heap   total 186368K, used 117968K [0x00000000c0000000, 0x0000000100000000)
  region size 1024K, 1 young (1024K), 1 survivors (1024K)
 Metaspace       used 147002K, capacity 159384K, committed 159796K, reserved 1187840K
  class space    used 16870K, capacity 21340K, committed 21452K, reserved 1048576K
}
Event: 513.298 GC heap before
{Heap before GC invocations=175 (full 0):
 garbage-first heap   total 186368K, used 162000K [0x00000000c0000000, 0x0000000100000000)
  region size 1024K, 44 young (45056K), 1 survivors (1024K)
 Metaspace       used 147046K, capacity 159384K, committed 159796K, reserved 1187840K
  class space    used 16873K, capacity 21340K, committed 21452K, reserved 1048576K
}
Event: 513.301 GC heap after
{Heap after GC invocations=176 (full 0):
 garbage-first heap   total 186368K, used 118031K [0x00000000c0000000, 0x0000000100000000)
  region size 1024K, 1 young (1024K), 1 survivors (1024K)
 Metaspace       used 147046K, capacity 159384K, committed 159796K, reserved 1187840K
  class space    used 16873K, capacity 21340K, committed 21452K, reserved 1048576K
}
Event: 517.620 GC heap before
{Heap before GC invocations=177 (full 0):
 garbage-first heap   total 186368K, used 162063K [0x00000000c0000000, 0x0000000100000000)
  region size 1024K, 44 young (45056K), 1 survivors (1024K)
 Metaspace       used 147046K, capacity 159384K, committed 159796K, reserved 1187840K
  class space    used 16873K, capacity 21340K, committed 21452K, reserved 1048576K
}
Event: 517.622 GC heap after
{Heap after GC invocations=178 (full 0):
 garbage-first heap   total 186368K, used 118042K [0x00000000c0000000, 0x0000000100000000)
  region size 1024K, 1 young (1024K), 1 survivors (1024K)
 Metaspace       used 147046K, capacity 159384K, committed 159796K, reserved 1187840K
  class space    used 16873K, capacity 21340K, committed 21452K, reserved 1048576K
}
Event: 517.961 GC heap before
{Heap before GC invocations=178 (full 0):
 garbage-first heap   total 186368K, used 125210K [0x00000000c0000000, 0x0000000100000000)
  region size 1024K, 9 young (9216K), 1 survivors (1024K)
 Metaspace       used 147047K, capacity 159384K, committed 159796K, reserved 1187840K
  class space    used 16873K, capacity 21340K, committed 21452K, reserved 1048576K
}
Event: 517.969 GC heap after
{Heap after GC invocations=179 (full 0):
 garbage-first heap   total 186368K, used 117760K [0x00000000c0000000, 0x0000000100000000)
  region size 1024K, 1 young (1024K), 1 survivors (1024K)
 Metaspace       used 147047K, capacity 159384K, committed 159796K, reserved 1187840K
  class space    used 16873K, capacity 21340K, committed 21452K, reserved 1048576K
}
Event: 520.070 GC heap before
{Heap before GC invocations=179 (full 0):
 garbage-first heap   total 186368K, used 161792K [0x00000000c0000000, 0x0000000100000000)
  region size 1024K, 44 young (45056K), 1 survivors (1024K)
 Metaspace       used 147049K, capacity 159448K, committed 159796K, reserved 1187840K
  class space    used 16873K, capacity 21340K, committed 21452K, reserved 1048576K
}
Event: 520.073 GC heap after
{Heap after GC invocations=180 (full 0):
 garbage-first heap   total 186368K, used 117807K [0x00000000c0000000, 0x0000000100000000)
  region size 1024K, 1 young (1024K), 1 survivors (1024K)
 Metaspace       used 147049K, capacity 159448K, committed 159796K, reserved 1187840K
  class space    used 16873K, capacity 21340K, committed 21452K, reserved 1048576K
}
Event: 523.478 GC heap before
{Heap before GC invocations=181 (full 0):
 garbage-first heap   total 186368K, used 161839K [0x00000000c0000000, 0x0000000100000000)
  region size 1024K, 44 young (45056K), 1 survivors (1024K)
 Metaspace       used 147052K, capacity 159448K, committed 159796K, reserved 1187840K
  class space    used 16873K, capacity 21340K, committed 21452K, reserved 1048576K
}
Event: 523.480 GC heap after
{Heap after GC invocations=182 (full 0):
 garbage-first heap   total 186368K, used 117892K [0x00000000c0000000, 0x0000000100000000)
  region size 1024K, 1 young (1024K), 1 survivors (1024K)
 Metaspace       used 147052K, capacity 159448K, committed 159796K, reserved 1187840K
  class space    used 16873K, capacity 21340K, committed 21452K, reserved 1048576K
}

